<?xml version="1.0" encoding="UTF-8"?>
<testsuite name="co.ceiba.service.NotifyPersonServiceTest" tests="1" skipped="0" failures="0" errors="0" timestamp="2018-05-02T20:49:03" hostname="JUAN-QUININES" time="0.403">
  <properties/>
  <testcase name="notifyTest" classname="co.ceiba.service.NotifyPersonServiceTest" time="0.403"/>
  <system-out><![CDATA[]]></system-out>
  <system-err><![CDATA[]]></system-err>
</testsuite>
